<?xml version="1.0" encoding="UTF-8"?>
<!-- Generated by org.testng.reporters.JUnitReportReporter -->
<testsuite skipped="0" hostname="DESKTOP-GGU2J5S" name="jenkinsConfig.Jenkins" tests="1" failures="0" timestamp="2020-06-09T00:25:17 IST" time="29.721" errors="0">
  <testcase name="testcase1" time="29.721" classname="jenkinsConfig.Jenkins"/>
  <system-out/>
</testsuite> <!-- jenkinsConfig.Jenkins -->
